<?xml version="1.0" encoding="UTF-8"?>
<!-- Generated by org.testng.reporters.JUnitReportReporter -->
<testsuite skipped="0" hostname="Esaimanis-MacBook-Pro.local" name="com.api.programs.GetBodyFromJsonFile" tests="1" failures="0" timestamp="2020-04-21T16:36:25 IST" time="2.968" errors="0">
  <testcase name="addBook" time="2.968" classname="com.api.programs.GetBodyFromJsonFile"/>
  <system-out/>
</testsuite> <!-- com.api.programs.GetBodyFromJsonFile -->
