<?xml version="1.0" encoding="UTF-8"?>
<!-- Generated by org.testng.reporters.JUnitReportReporter -->
<testsuite skipped="0" hostname="Esaimanis-MacBook-Pro.local" name="com.api.programs.DynamicJson" tests="2" failures="0" timestamp="2020-04-21T15:48:45 IST" time="9.762" errors="0">
  <testcase name="addBook" time="1.223" classname="com.api.programs.DynamicJson"/>
  <system-out/>
  <testcase name="addBook" time="8.539" classname="com.api.programs.DynamicJson"/>
  <system-out/>
</testsuite> <!-- com.api.programs.DynamicJson -->
