<?xml version="1.0" encoding="UTF-8"?>
<!-- Generated by org.testng.reporters.JUnitReportReporter -->
<testsuite skipped="0" hostname="Esaimanis-MBP.domain.name" name="org.runner.Runnercukes" tests="1" failures="0" timestamp="2020-05-03T19:14:32 IST" time="20.834" errors="0">
  <testcase name="runScenario" time="20.834" classname="org.runner.Runnercukes"/>
  <system-out/>
</testsuite> <!-- org.runner.Runnercukes -->
