<?xml version="1.0" encoding="UTF-8"?>
<!-- Generated by org.testng.reporters.JUnitReportReporter -->
<testsuite skipped="0" hostname="Esaimanis-MacBook-Pro.local" name="org.runner.Runner" tests="1" failures="0" timestamp="2020-04-05T11:31:32 IST" time="7.539" errors="0">
  <testcase name="feature" time="7.539" classname="org.runner.Runner"/>
  <system-out/>
</testsuite> <!-- org.runner.Runner -->
