<?xml version="1.0" encoding="UTF-8"?>
<!-- Generated by org.testng.reporters.JUnitReportReporter -->
<testsuite skipped="0" hostname="Esaimanis-MacBook-Pro.local" name="org.runner.Runnercukes" tests="1" failures="0" timestamp="2020-04-21T10:59:06 IST" time="12.743" errors="0">
  <testcase name="feature" time="12.743" classname="org.runner.Runnercukes"/>
  <system-out/>
</testsuite> <!-- org.runner.Runnercukes -->
