<?xml version="1.0" encoding="UTF-8"?>
<!-- Generated by org.testng.reporters.JUnitReportReporter -->
<testsuite skipped="0" hostname="Esaimanis-MacBook-Pro.local" name="APITesting.com.org.api.GetRequest" tests="1" failures="0" timestamp="2020-03-27T09:30:43 IST" time="2.772" errors="0">
  <testcase name="getResponse" time="2.772" classname="APITesting.com.org.api.GetRequest"/>
  <system-out/>
</testsuite> <!-- APITesting.com.org.api.GetRequest -->
